#
# A fatal error has been detected by the Java Runtime Environment:
#
#  EXCEPTION_ACCESS_VIOLATION (0xc0000005) at pc=0x000000006b91eaf9, pid=13524, tid=0x000000000000130c
#
# JRE version: OpenJDK Runtime Environment (8.0_152-b01) (build 1.8.0_152-release-915-b01)
# Java VM: OpenJDK 64-Bit Server VM (25.152-b01 mixed mode windows-amd64 compressed oops)
# Problematic frame:
# V  [jvm.dll+0x6eaf9]
#
# Failed to write core dump. Minidumps are not enabled by default on client versions of Windows
#
# If you would like to submit a bug report, please visit:
#   http://bugreport.java.com/bugreport/crash.jsp
#

---------------  T H R E A D  ---------------

Current thread (0x00000000187f4800):  JavaThread "C1 CompilerThread2" daemon [_thread_in_native, id=4876, stack(0x000000001a140000,0x000000001a240000)]

siginfo: ExceptionCode=0xc0000005, reading address 0x0000000080000000

Registers:
RAX=0x0000000000000000, RBX=0x0000000080000000, RCX=0x00000000187f4de0, RDX=0x0000000080000000
RSP=0x000000001a23e910, RBP=0x0000000000000000, RSI=0x00000000187f4de0, RDI=0x00000000187f4de0
R8 =0x000000001c4f8020, R9 =0x0000000000000000, R10=0x000000001f1551a0, R11=0x0000000000000000
R12=0x000000001eb36730, R13=0x00000000187b6510, R14=0x00000000187f4cd0, R15=0x00000000187f4d10
RIP=0x000000006b91eaf9, EFLAGS=0x0000000000010206

Top of Stack: (sp=0x000000001a23e910)
0x000000001a23e910:   0000000000000b02 000000001bc05a80
0x000000001a23e920:   00000190ffffff00 000000006be57e00
0x000000001a23e930:   000000000000364c 000000006b91edc9
0x000000001a23e940:   0000000000000000 00000000187f4de0
0x000000001a23e950:   000000001eb36730 000000001bc05ab0
0x000000001a23e960:   00000000187f4de0 000000006bca0825
0x000000001a23e970:   0000000000000000 000000001bc05ab0
0x000000001a23e980:   0000000000000000 000000000000364c
0x000000001a23e990:   00000190ffffff00 000000006be57e28
0x000000001a23e9a0:   0000000004f6c115 000000006b92a0a5
0x000000001a23e9b0:   000000000000c000 0000000000000000
0x000000001a23e9c0:   0000000000000000 0000000000000818
0x000000001a23e9d0:   00000000187f4de0 000000006bca07f7
0x000000001a23e9e0:   000000000000640a 000000001bc05b10
0x000000001a23e9f0:   0000000000000000 000000000000364c
0x000000001a23ea00:   0000000004ef0400 000000006b8b2dbf 

Instructions: (pc=0x000000006b91eaf9)
0x000000006b91ead9:   5d 41 5c 5f c3 cc cc 48 89 5c 24 20 56 48 83 ec
0x000000006b91eae9:   20 48 8b da 48 8b f1 48 85 d2 0f 84 a9 00 00 00
0x000000006b91eaf9:   8b 12 85 d2 0f 84 9f 00 00 00 4c 8b 41 10 48 89
0x000000006b91eb09:   6c 24 30 48 89 7c 24 38 41 8b 68 08 81 fa c0 00 


Register to memory mapping:

RAX=0x0000000000000000 is an unknown value
RBX=0x0000000080000000 is an unknown value
RCX=0x00000000187f4de0 is an unknown value
RDX=0x0000000080000000 is an unknown value
RSP=0x000000001a23e910 is pointing into the stack for thread: 0x00000000187f4800
RBP=0x0000000000000000 is an unknown value
RSI=0x00000000187f4de0 is an unknown value
RDI=0x00000000187f4de0 is an unknown value
R8 =0x000000001c4f8020 is an unknown value
R9 =0x0000000000000000 is an unknown value
R10=0x000000001f1551a0 is an unknown value
R11=0x0000000000000000 is an unknown value
R12=0x000000001eb36730 is an unknown value
R13=0x00000000187b6510 is an unknown value
R14=0x00000000187f4cd0 is an unknown value
R15=0x00000000187f4d10 is an unknown value


Stack: [0x000000001a140000,0x000000001a240000],  sp=0x000000001a23e910,  free space=1018k
Native frames: (J=compiled Java code, j=interpreted, Vv=VM code, C=native code)


Current CompileTask:
C1:  47100 4496   !   3       org.gradle.api.internal.AbstractClassGenerator::generateUnderLock (1075 bytes)


---------------  P R O C E S S  ---------------

Java Threads: ( => current thread )
  0x000000001ca2f000 JavaThread "Memory manager" [_thread_blocked, id=1416, stack(0x0000000023400000,0x0000000023500000)]
  0x000000001ca30000 JavaThread "build operations Thread 4" [_thread_blocked, id=13652, stack(0x0000000022c00000,0x0000000022d00000)]
  0x000000001ca2e800 JavaThread "build operations Thread 3" [_thread_blocked, id=10076, stack(0x0000000022b00000,0x0000000022c00000)]
  0x000000001ca32000 JavaThread "build operations Thread 2" [_thread_blocked, id=7476, stack(0x0000000022a00000,0x0000000022b00000)]
  0x000000001ca2d800 JavaThread "build operations" [_thread_blocked, id=18128, stack(0x0000000022900000,0x0000000022a00000)]
  0x000000001ca30800 JavaThread "Cache worker for Artifact transforms cache (C:\Users\dimitar.dihanov\.gradle\caches\transforms-1)" [_thread_blocked, id=5548, stack(0x0000000020f50000,0x0000000021050000)]
  0x000000001cb78800 JavaThread "Cache worker for file hash cache (C:\Android Projects\musiQ\.gradle\4.1\fileHashes)" [_thread_blocked, id=16988, stack(0x0000000020e50000,0x0000000020f50000)]
  0x000000001cc26000 JavaThread "File lock request listener" [_thread_in_native, id=3224, stack(0x000000001e430000,0x000000001e530000)]
  0x000000001c7fb800 JavaThread "Cache worker for file hash cache (C:\Users\dimitar.dihanov\.gradle\caches\4.1\fileHashes)" [_thread_blocked, id=15512, stack(0x000000001e330000,0x000000001e430000)]
  0x000000001b1ed800 JavaThread "Stdin handler" [_thread_blocked, id=19352, stack(0x000000001e230000,0x000000001e330000)]
  0x000000001b1ec800 JavaThread "Asynchronous log dispatcher for DefaultDaemonConnection: socket connection from /127.0.0.1:62589 to /127.0.0.1:62590" [_thread_blocked, id=12560, stack(0x000000001e130000,0x000000001e230000)]
  0x000000001b9cf800 JavaThread "Daemon worker" [_thread_in_native, id=18000, stack(0x000000001e030000,0x000000001e130000)]
  0x000000001b9e5000 JavaThread "Cancel handler" [_thread_blocked, id=14672, stack(0x000000001df30000,0x000000001e030000)]
  0x000000001ba24800 JavaThread "Handler for socket connection from /127.0.0.1:62589 to /127.0.0.1:62590" [_thread_in_native, id=2812, stack(0x000000001dc30000,0x000000001dd30000)]
  0x000000001ba21000 JavaThread "Daemon" [_thread_blocked, id=8588, stack(0x000000001db30000,0x000000001dc30000)]
  0x000000001b2a5000 JavaThread "Daemon periodic checks" [_thread_blocked, id=19036, stack(0x000000001da30000,0x000000001db30000)]
  0x000000001b089800 JavaThread "Incoming local TCP Connector on port 62589" [_thread_in_native, id=16308, stack(0x000000001d540000,0x000000001d640000)]
  0x000000001884d800 JavaThread "Service Thread" daemon [_thread_blocked, id=15456, stack(0x000000001a640000,0x000000001a740000)]
=>0x00000000187f4800 JavaThread "C1 CompilerThread2" daemon [_thread_in_native, id=4876, stack(0x000000001a140000,0x000000001a240000)]
  0x00000000187f1000 JavaThread "C2 CompilerThread1" daemon [_thread_blocked, id=17992, stack(0x000000001a040000,0x000000001a140000)]
  0x00000000187ef000 JavaThread "C2 CompilerThread0" daemon [_thread_blocked, id=12984, stack(0x0000000019f40000,0x000000001a040000)]
  0x00000000187ed800 JavaThread "Attach Listener" daemon [_thread_blocked, id=16344, stack(0x0000000019e40000,0x0000000019f40000)]
  0x00000000187ec800 JavaThread "Signal Dispatcher" daemon [_thread_blocked, id=7220, stack(0x0000000019d40000,0x0000000019e40000)]
  0x0000000004e7c800 JavaThread "Finalizer" daemon [_thread_blocked, id=9280, stack(0x0000000019a50000,0x0000000019b50000)]
  0x0000000004e71000 JavaThread "Reference Handler" daemon [_thread_blocked, id=14772, stack(0x0000000019950000,0x0000000019a50000)]
  0x000000000307e000 JavaThread "main" [_thread_blocked, id=8196, stack(0x0000000004c60000,0x0000000004d60000)]

Other Threads:
  0x00000000187b4800 VMThread [stack: 0x0000000019850000,0x0000000019950000] [id=12484]
  0x000000001a270000 WatcherThread [stack: 0x000000001a740000,0x000000001a840000] [id=12952]

VM state:not at safepoint (normal execution)

VM Mutex/Monitor currently owned by a thread: None

Heap:
 PSYoungGen      total 39936K, used 10548K [0x00000000e0000000, 0x00000000e3380000, 0x0000000100000000)
  eden space 28160K, 29% used [0x00000000e0000000,0x00000000e0803328,0x00000000e1b80000)
  from space 11776K, 19% used [0x00000000e1c00000,0x00000000e1e4a070,0x00000000e2780000)
  to   space 12288K, 0% used [0x00000000e2780000,0x00000000e2780000,0x00000000e3380000)
 ParOldGen       total 51712K, used 14784K [0x00000000a0000000, 0x00000000a3280000, 0x00000000e0000000)
  object space 51712K, 28% used [0x00000000a0000000,0x00000000a0e701c0,0x00000000a3280000)
 Metaspace       used 40137K, capacity 41040K, committed 41344K, reserved 1085440K
  class space    used 5393K, capacity 5751K, committed 5760K, reserved 1048576K

Card table byte_map: [0x0000000014240000,0x0000000014550000] byte_map_base: 0x0000000013d40000

Marking Bits: (ParMarkBitMap*) 0x000000006c073950
 Begin Bits: [0x0000000014b50000, 0x0000000016350000)
 End Bits:   [0x0000000016350000, 0x0000000017b50000)

Polling page: 0x0000000003010000

CodeCache: size=245760Kb used=13913Kb max_used=13955Kb free=231846Kb
 bounds [0x0000000004e80000, 0x0000000005c40000, 0x0000000013e80000]
 total_blobs=4677 nmethods=3960 adapters=629
 compilation: enabled

Compilation events (10 events):
Event: 46.838 Thread 0x00000000187f4800 nmethod 4491 0x0000000005be92d0 code [0x0000000005be9500, 0x0000000005bea318]
Event: 46.841 Thread 0x00000000187f4800 4492       3       org.gradle.api.internal.AsmBackedClassGenerator$ClassBuilderImpl::addGetter (50 bytes)
Event: 46.842 Thread 0x00000000187f4800 nmethod 4492 0x0000000005be8910 code [0x0000000005be8ac0, 0x0000000005be9038]
Event: 46.845 Thread 0x00000000187f1000 4493       4       java.lang.AbstractStringBuilder::append (40 bytes)
Event: 46.851 Thread 0x00000000187f1000 nmethod 4493 0x0000000005bdc710 code [0x0000000005bdc860, 0x0000000005bdcc78]
Event: 46.862 Thread 0x00000000187f4800 4494       3       java.util.regex.Pattern::compile (10 bytes)
Event: 46.862 Thread 0x00000000187f4800 nmethod 4494 0x0000000005be8510 code [0x0000000005be8680, 0x0000000005be8868]
Event: 46.863 Thread 0x00000000187f1000 4495       4       org.objectweb.asm.ClassWriter::addType (39 bytes)
Event: 46.872 Thread 0x00000000187f1000 nmethod 4495 0x0000000005be4810 code [0x0000000005be49a0, 0x0000000005be4f28]
Event: 46.878 Thread 0x00000000187f4800 4496   !   3       org.gradle.api.internal.AbstractClassGenerator::generateUnderLock (1075 bytes)

GC Heap History (10 events):
Event: 40.952 GC heap before
{Heap before GC invocations=11 (full 1):
 PSYoungGen      total 37888K, used 37744K [0x00000000e0000000, 0x00000000e3300000, 0x0000000100000000)
  eden space 30720K, 100% used [0x00000000e0000000,0x00000000e1e00000,0x00000000e1e00000)
  from space 7168K, 97% used [0x00000000e1e80000,0x00000000e255c020,0x00000000e2580000)
  to   space 10752K, 0% used [0x00000000e2880000,0x00000000e2880000,0x00000000e3300000)
 ParOldGen       total 48128K, used 9146K [0x00000000a0000000, 0x00000000a2f00000, 0x00000000e0000000)
  object space 48128K, 19% used [0x00000000a0000000,0x00000000a08ee860,0x00000000a2f00000)
 Metaspace       used 33661K, capacity 34472K, committed 34688K, reserved 1079296K
  class space    used 4591K, capacity 4926K, committed 4992K, reserved 1048576K
Event: 40.961 GC heap after
Heap after GC invocations=11 (full 1):
 PSYoungGen      total 40448K, used 10024K [0x00000000e0000000, 0x00000000e3480000, 0x0000000100000000)
  eden space 29696K, 0% used [0x00000000e0000000,0x00000000e0000000,0x00000000e1d00000)
  from space 10752K, 93% used [0x00000000e2880000,0x00000000e324a2b0,0x00000000e3300000)
  to   space 11776K, 0% used [0x00000000e1d00000,0x00000000e1d00000,0x00000000e2880000)
 ParOldGen       total 48128K, used 9218K [0x00000000a0000000, 0x00000000a2f00000, 0x00000000e0000000)
  object space 48128K, 19% used [0x00000000a0000000,0x00000000a0900870,0x00000000a2f00000)
 Metaspace       used 33661K, capacity 34472K, committed 34688K, reserved 1079296K
  class space    used 4591K, capacity 4926K, committed 4992K, reserved 1048576K
}
Event: 42.163 GC heap before
{Heap before GC invocations=12 (full 1):
 PSYoungGen      total 40448K, used 11173K [0x00000000e0000000, 0x00000000e3480000, 0x0000000100000000)
  eden space 29696K, 3% used [0x00000000e0000000,0x00000000e011f260,0x00000000e1d00000)
  from space 10752K, 93% used [0x00000000e2880000,0x00000000e324a2b0,0x00000000e3300000)
  to   space 11776K, 0% used [0x00000000e1d00000,0x00000000e1d00000,0x00000000e2880000)
 ParOldGen       total 48128K, used 9218K [0x00000000a0000000, 0x00000000a2f00000, 0x00000000e0000000)
  object space 48128K, 19% used [0x00000000a0000000,0x00000000a0900870,0x00000000a2f00000)
 Metaspace       used 34510K, capacity 35304K, committed 35416K, reserved 1079296K
  class space    used 4711K, capacity 5034K, committed 5120K, reserved 1048576K
Event: 42.171 GC heap after
Heap after GC invocations=12 (full 1):
 PSYoungGen      total 37888K, used 8288K [0x00000000e0000000, 0x00000000e3380000, 0x0000000100000000)
  eden space 29184K, 0% used [0x00000000e0000000,0x00000000e0000000,0x00000000e1c80000)
  from space 8704K, 95% used [0x00000000e1d00000,0x00000000e2518020,0x00000000e2580000)
  to   space 11776K, 0% used [0x00000000e2800000,0x00000000e2800000,0x00000000e3380000)
 ParOldGen       total 48128K, used 9290K [0x00000000a0000000, 0x00000000a2f00000, 0x00000000e0000000)
  object space 48128K, 19% used [0x00000000a0000000,0x00000000a0912880,0x00000000a2f00000)
 Metaspace       used 34510K, capacity 35304K, committed 35416K, reserved 1079296K
  class space    used 4711K, capacity 5034K, committed 5120K, reserved 1048576K
}
Event: 42.171 GC heap before
{Heap before GC invocations=13 (full 2):
 PSYoungGen      total 37888K, used 8288K [0x00000000e0000000, 0x00000000e3380000, 0x0000000100000000)
  eden space 29184K, 0% used [0x00000000e0000000,0x00000000e0000000,0x00000000e1c80000)
  from space 8704K, 95% used [0x00000000e1d00000,0x00000000e2518020,0x00000000e2580000)
  to   space 11776K, 0% used [0x00000000e2800000,0x00000000e2800000,0x00000000e3380000)
 ParOldGen       total 48128K, used 9290K [0x00000000a0000000, 0x00000000a2f00000, 0x00000000e0000000)
  object space 48128K, 19% used [0x00000000a0000000,0x00000000a0912880,0x00000000a2f00000)
 Metaspace       used 34510K, capacity 35304K, committed 35416K, reserved 1079296K
  class space    used 4711K, capacity 5034K, committed 5120K, reserved 1048576K
Event: 42.265 GC heap after
Heap after GC invocations=13 (full 2):
 PSYoungGen      total 37888K, used 0K [0x00000000e0000000, 0x00000000e3380000, 0x0000000100000000)
  eden space 29184K, 0% used [0x00000000e0000000,0x00000000e0000000,0x00000000e1c80000)
  from space 8704K, 0% used [0x00000000e1d00000,0x00000000e1d00000,0x00000000e2580000)
  to   space 11776K, 0% used [0x00000000e2800000,0x00000000e2800000,0x00000000e3380000)
 ParOldGen       total 51712K, used 14768K [0x00000000a0000000, 0x00000000a3280000, 0x00000000e0000000)
  object space 51712K, 28% used [0x00000000a0000000,0x00000000a0e6c1c0,0x00000000a3280000)
 Metaspace       used 34510K, capacity 35304K, committed 35416K, reserved 1079296K
  class space    used 4711K, capacity 5034K, committed 5120K, reserved 1048576K
}
Event: 45.761 GC heap before
{Heap before GC invocations=14 (full 2):
 PSYoungGen      total 37888K, used 29184K [0x00000000e0000000, 0x00000000e3380000, 0x0000000100000000)
  eden space 29184K, 100% used [0x00000000e0000000,0x00000000e1c80000,0x00000000e1c80000)
  from space 8704K, 0% used [0x00000000e1d00000,0x00000000e1d00000,0x00000000e2580000)
  to   space 11776K, 0% used [0x00000000e2800000,0x00000000e2800000,0x00000000e3380000)
 ParOldGen       total 51712K, used 14768K [0x00000000a0000000, 0x00000000a3280000, 0x00000000e0000000)
  object space 51712K, 28% used [0x00000000a0000000,0x00000000a0e6c1c0,0x00000000a3280000)
 Metaspace       used 38208K, capacity 39158K, committed 39424K, reserved 1083392K
  class space    used 5177K, capacity 5554K, committed 5632K, reserved 1048576K
Event: 45.766 GC heap after
Heap after GC invocations=14 (full 2):
 PSYoungGen      total 39936K, used 3431K [0x00000000e0000000, 0x00000000e3300000, 0x0000000100000000)
  eden space 28672K, 0% used [0x00000000e0000000,0x00000000e0000000,0x00000000e1c00000)
  from space 11264K, 30% used [0x00000000e2800000,0x00000000e2b59f30,0x00000000e3300000)
  to   space 11776K, 0% used [0x00000000e1c00000,0x00000000e1c00000,0x00000000e2780000)
 ParOldGen       total 51712K, used 14776K [0x00000000a0000000, 0x00000000a3280000, 0x00000000e0000000)
  object space 51712K, 28% used [0x00000000a0000000,0x00000000a0e6e1c0,0x00000000a3280000)
 Metaspace       used 38208K, capacity 39158K, committed 39424K, reserved 1083392K
  class space    used 5177K, capacity 5554K, committed 5632K, reserved 1048576K
}
Event: 46.072 GC heap before
{Heap before GC invocations=15 (full 2):
 PSYoungGen      total 39936K, used 32103K [0x00000000e0000000, 0x00000000e3300000, 0x0000000100000000)
  eden space 28672K, 100% used [0x00000000e0000000,0x00000000e1c00000,0x00000000e1c00000)
  from space 11264K, 30% used [0x00000000e2800000,0x00000000e2b59f30,0x00000000e3300000)
  to   space 11776K, 0% used [0x00000000e1c00000,0x00000000e1c00000,0x00000000e2780000)
 ParOldGen       total 51712K, used 14776K [0x00000000a0000000, 0x00000000a3280000, 0x00000000e0000000)
  object space 51712K, 28% used [0x00000000a0000000,0x00000000a0e6e1c0,0x00000000a3280000)
 Metaspace       used 38567K, capacity 39484K, committed 39680K, reserved 1083392K
  class space    used 5204K, capacity 5555K, committed 5632K, reserved 1048576K
Event: 46.076 GC heap after
Heap after GC invocations=15 (full 2):
 PSYoungGen      total 39936K, used 2344K [0x00000000e0000000, 0x00000000e3380000, 0x0000000100000000)
  eden space 28160K, 0% used [0x00000000e0000000,0x00000000e0000000,0x00000000e1b80000)
  from space 11776K, 19% used [0x00000000e1c00000,0x00000000e1e4a070,0x00000000e2780000)
  to   space 12288K, 0% used [0x00000000e2780000,0x00000000e2780000,0x00000000e3380000)
 ParOldGen       total 51712K, used 14784K [0x00000000a0000000, 0x00000000a3280000, 0x00000000e0000000)
  object space 51712K, 28% used [0x00000000a0000000,0x00000000a0e701c0,0x00000000a3280000)
 Metaspace       used 38567K, capacity 39484K, committed 39680K, reserved 1083392K
  class space    used 5204K, capacity 5555K, committed 5632K, reserved 1048576K
}

Deoptimization events (10 events):
Event: 46.541 Thread 0x000000001b9cf800 Uncommon trap: reason=unstable_if action=reinterpret pc=0x00000000058067a4 method=java.util.jar.JarFile.getInputStream(Ljava/util/zip/ZipEntry;)Ljava/io/InputStream; @ 37
Event: 46.581 Thread 0x000000001b9cf800 Uncommon trap: reason=unstable_if action=reinterpret pc=0x0000000005b95d28 method=java.util.jar.JarFile$JarFileEntry.getCodeSigners()[Ljava/security/CodeSigner; @ 24
Event: 46.581 Thread 0x000000001b9cf800 Uncommon trap: reason=unstable_if action=reinterpret pc=0x000000000564c5b0 method=java.security.CodeSource.<init>(Ljava/net/URL;[Ljava/security/CodeSigner;)V @ 25
Event: 46.583 Thread 0x000000001b9cf800 Uncommon trap: reason=unstable_if action=reinterpret pc=0x00000000053f39ec method=java.security.CodeSource.getCertificates()[Ljava/security/cert/Certificate; @ 22
Event: 46.585 Thread 0x000000001b9cf800 Uncommon trap: reason=unstable_if action=reinterpret pc=0x00000000053f7bc4 method=java.util.jar.JarFile.maybeInstantiateVerifier()V @ 75
Event: 46.587 Thread 0x000000001b9cf800 Uncommon trap: reason=class_check action=maybe_recompile pc=0x00000000050b7764 method=java.util.jar.JarFile.getJarEntry(Ljava/lang/String;)Ljava/util/jar/JarEntry; @ 2
Event: 46.587 Thread 0x000000001b9cf800 Uncommon trap: reason=class_check action=maybe_recompile pc=0x00000000050b7764 method=java.util.jar.JarFile.getJarEntry(Ljava/lang/String;)Ljava/util/jar/JarEntry; @ 2
Event: 46.587 Thread 0x000000001b9cf800 Uncommon trap: reason=class_check action=maybe_recompile pc=0x00000000050b7764 method=java.util.jar.JarFile.getJarEntry(Ljava/lang/String;)Ljava/util/jar/JarEntry; @ 2
Event: 46.588 Thread 0x000000001b9cf800 Uncommon trap: reason=unstable_if action=reinterpret pc=0x0000000005b0c8b4 method=java.util.LinkedHashMap.get(Ljava/lang/Object;)Ljava/lang/Object; @ 20
Event: 46.599 Thread 0x000000001b9cf800 Uncommon trap: reason=class_check action=maybe_recompile pc=0x00000000050b7764 method=java.util.jar.JarFile.getJarEntry(Ljava/lang/String;)Ljava/util/jar/JarEntry; @ 2

Classes redefined (0 events):
No events

Internal exceptions (10 events):
Event: 40.732 Thread 0x000000001b9cf800 Exception <a 'java/lang/ClassNotFoundException': org/gradle/api/internal/project/ant/BasicAntBuilderBeanInfo> (0x00000000e1b4e530) thrown at [D:\src\AOSP-openjdk-cygwin\jdk8u\hotspot\src\share\vm\classfile\systemDictionary.cpp, line 210]
Event: 40.733 Thread 0x000000001b9cf800 Exception <a 'java/lang/ClassNotFoundException': org/gradle/api/AntBuilderBeanInfo> (0x00000000e1b6eaa8) thrown at [D:\src\AOSP-openjdk-cygwin\jdk8u\hotspot\src\share\vm\classfile\systemDictionary.cpp, line 210]
Event: 40.734 Thread 0x000000001b9cf800 Exception <a 'java/lang/ClassNotFoundException': groovy/util/AntBuilderBeanInfo> (0x00000000e1b8db00) thrown at [D:\src\AOSP-openjdk-cygwin\jdk8u\hotspot\src\share\vm\classfile\systemDictionary.cpp, line 210]
Event: 40.734 Thread 0x000000001b9cf800 Exception <a 'java/lang/ClassNotFoundException': groovy/util/BuilderSupportBeanInfo> (0x00000000e1bae080) thrown at [D:\src\AOSP-openjdk-cygwin\jdk8u\hotspot\src\share\vm\classfile\systemDictionary.cpp, line 210]
Event: 40.734 Thread 0x000000001b9cf800 Exception <a 'java/lang/ClassNotFoundException': groovy/util/BuilderSupportCustomizer> (0x00000000e1bd0460) thrown at [D:\src\AOSP-openjdk-cygwin\jdk8u\hotspot\src\share\vm\classfile\systemDictionary.cpp, line 210]
Event: 40.735 Thread 0x000000001b9cf800 Exception <a 'java/lang/ClassNotFoundException': groovy/util/AntBuilderCustomizer> (0x00000000e1bf3638) thrown at [D:\src\AOSP-openjdk-cygwin\jdk8u\hotspot\src\share\vm\classfile\systemDictionary.cpp, line 210]
Event: 40.736 Thread 0x000000001b9cf800 Exception <a 'java/lang/ClassNotFoundException': org/gradle/api/AntBuilderCustomizer> (0x00000000e1c1ba18) thrown at [D:\src\AOSP-openjdk-cygwin\jdk8u\hotspot\src\share\vm\classfile\systemDictionary.cpp, line 210]
Event: 40.737 Thread 0x000000001b9cf800 Exception <a 'java/lang/ClassNotFoundException': org/gradle/api/internal/project/ant/BasicAntBuilderCustomizer> (0x00000000e1c57da0) thrown at [D:\src\AOSP-openjdk-cygwin\jdk8u\hotspot\src\share\vm\classfile\systemDictionary.cpp, line 210]
Event: 40.738 Thread 0x000000001b9cf800 Exception <a 'java/lang/ClassNotFoundException': org/gradle/api/internal/project/DefaultAntBuilderCustomizer> (0x00000000e1c9ac88) thrown at [D:\src\AOSP-openjdk-cygwin\jdk8u\hotspot\src\share\vm\classfile\systemDictionary.cpp, line 210]
Event: 46.266 Thread 0x000000001b9cf800 Implicit null exception at 0x000000000534fd88 to 0x000000000534ff19

Events (10 events):
Event: 46.860 loading class com/android/build/gradle/internal/dsl/CoreExternalNativeCmakeOptions
Event: 46.860 loading class com/android/build/gradle/internal/dsl/CoreExternalNativeCmakeOptions done
Event: 46.861 loading class com/android/build/gradle/internal/dsl/CoreExternalNativeNdkBuildOptions
Event: 46.861 loading class com/android/build/gradle/internal/dsl/CoreExternalNativeNdkBuildOptions done
Event: 46.861 loading class com/android/build/gradle/internal/dsl/ExternalNativeNdkBuildOptions
Event: 46.861 loading class com/android/build/gradle/internal/dsl/ExternalNativeNdkBuildOptions done
Event: 46.862 loading class com/android/build/gradle/internal/dsl/ExternalNativeCmakeOptions
Event: 46.862 loading class com/android/build/gradle/internal/dsl/ExternalNativeCmakeOptions done
Event: 46.904 loading class com/google/common/collect/Sets
Event: 46.904 loading class com/google/common/collect/Sets done


Dynamic libraries:
0x00007ff63e150000 - 0x00007ff63e181000 	C:\android-studio-beta\android-studio-ide-171.4316950-windows\android-studio\jre\bin\java.exe
0x00007ffd71270000 - 0x00007ffd71450000 	C:\WINDOWS\SYSTEM32\ntdll.dll
0x00007ffd6e7e0000 - 0x00007ffd6e88e000 	C:\WINDOWS\System32\KERNEL32.DLL
0x00007ffd6d890000 - 0x00007ffd6daf6000 	C:\WINDOWS\System32\KERNELBASE.dll
0x00007ffd6a400000 - 0x00007ffd6a488000 	C:\WINDOWS\SYSTEM32\apphelp.dll
0x00007ffd703a0000 - 0x00007ffd70441000 	C:\WINDOWS\System32\ADVAPI32.dll
0x00007ffd71180000 - 0x00007ffd7121d000 	C:\WINDOWS\System32\msvcrt.dll
0x00007ffd70c70000 - 0x00007ffd70ccb000 	C:\WINDOWS\System32\sechost.dll
0x00007ffd6eb10000 - 0x00007ffd6ec2f000 	C:\WINDOWS\System32\RPCRT4.dll
0x00007ffd6ec30000 - 0x00007ffd6edbf000 	C:\WINDOWS\System32\USER32.dll
0x00007ffd6e590000 - 0x00007ffd6e5b0000 	C:\WINDOWS\System32\win32u.dll
0x00007ffd6e940000 - 0x00007ffd6e968000 	C:\WINDOWS\System32\GDI32.dll
0x00007ffd6e3f0000 - 0x00007ffd6e583000 	C:\WINDOWS\System32\gdi32full.dll
0x00007ffd6dc00000 - 0x00007ffd6dc9b000 	C:\WINDOWS\System32\msvcp_win.dll
0x00007ffd6db00000 - 0x00007ffd6dbf6000 	C:\WINDOWS\System32\ucrtbase.dll
0x00007ffd5c350000 - 0x00007ffd5c5b9000 	C:\WINDOWS\WinSxS\amd64_microsoft.windows.common-controls_6595b64144ccf1df_6.0.16299.192_none_15c8cdae9364c23b\COMCTL32.dll
0x00007ffd70450000 - 0x00007ffd70758000 	C:\WINDOWS\System32\combase.dll
0x00007ffd6e6c0000 - 0x00007ffd6e732000 	C:\WINDOWS\System32\bcryptPrimitives.dll
0x00007ffd6e910000 - 0x00007ffd6e93d000 	C:\WINDOWS\System32\IMM32.DLL
0x000000006b7d0000 - 0x000000006b8a2000 	C:\android-studio-beta\android-studio-ide-171.4316950-windows\android-studio\jre\jre\bin\msvcr100.dll
0x000000006b8b0000 - 0x000000006c0ee000 	C:\android-studio-beta\android-studio-ide-171.4316950-windows\android-studio\jre\jre\bin\server\jvm.dll
0x00007ffd70e50000 - 0x00007ffd70e58000 	C:\WINDOWS\System32\PSAPI.DLL
0x00007ffd6bb10000 - 0x00007ffd6bb19000 	C:\WINDOWS\SYSTEM32\WSOCK32.dll
0x00007ffd6b830000 - 0x00007ffd6b83a000 	C:\WINDOWS\SYSTEM32\VERSION.dll
0x00007ffd6ad50000 - 0x00007ffd6ad73000 	C:\WINDOWS\SYSTEM32\WINMM.dll
0x00007ffd6edc0000 - 0x00007ffd6ee2c000 	C:\WINDOWS\System32\WS2_32.dll
0x00007ffd6acf0000 - 0x00007ffd6ad1a000 	C:\WINDOWS\SYSTEM32\winmmbase.dll
0x00007ffd6d670000 - 0x00007ffd6d6ba000 	C:\WINDOWS\System32\cfgmgr32.dll
0x00007ffd6abc0000 - 0x00007ffd6abcf000 	C:\android-studio-beta\android-studio-ide-171.4316950-windows\android-studio\jre\jre\bin\verify.dll
0x00007ffd59930000 - 0x00007ffd59959000 	C:\android-studio-beta\android-studio-ide-171.4316950-windows\android-studio\jre\jre\bin\java.dll
0x00007ffd5fc00000 - 0x00007ffd5fc16000 	C:\android-studio-beta\android-studio-ide-171.4316950-windows\android-studio\jre\jre\bin\zip.dll
0x00007ffd6ef00000 - 0x00007ffd70336000 	C:\WINDOWS\System32\SHELL32.dll
0x00007ffd70760000 - 0x00007ffd70806000 	C:\WINDOWS\System32\shcore.dll
0x00007ffd6dca0000 - 0x00007ffd6e3e7000 	C:\WINDOWS\System32\windows.storage.dll
0x00007ffd70cd0000 - 0x00007ffd70d21000 	C:\WINDOWS\System32\shlwapi.dll
0x00007ffd6d5c0000 - 0x00007ffd6d5d1000 	C:\WINDOWS\System32\kernel.appcore.dll
0x00007ffd6d620000 - 0x00007ffd6d66c000 	C:\WINDOWS\System32\powrprof.dll
0x00007ffd6d5e0000 - 0x00007ffd6d5fb000 	C:\WINDOWS\System32\profapi.dll
0x00007ffd59910000 - 0x00007ffd5992a000 	C:\android-studio-beta\android-studio-ide-171.4316950-windows\android-studio\jre\jre\bin\net.dll
0x00007ffd6cb20000 - 0x00007ffd6cb86000 	C:\WINDOWS\system32\mswsock.dll
0x00007ffd59460000 - 0x00007ffd59471000 	C:\android-studio-beta\android-studio-ide-171.4316950-windows\android-studio\jre\jre\bin\nio.dll
0x00007ffd580d0000 - 0x00007ffd580ee000 	C:\Users\dimitar.dihanov\.gradle\native\25\windows-amd64\native-platform.dll
0x00007ffd6bc80000 - 0x00007ffd6bc8d000 	C:\android-studio-beta\android-studio-ide-171.4316950-windows\android-studio\jre\jre\bin\management.dll
0x00007ffd6d2f0000 - 0x00007ffd6d307000 	C:\WINDOWS\SYSTEM32\CRYPTSP.dll
0x00007ffd6c710000 - 0x00007ffd6c743000 	C:\WINDOWS\system32\rsaenh.dll
0x00007ffd6d0f0000 - 0x00007ffd6d115000 	C:\WINDOWS\SYSTEM32\bcrypt.dll
0x00007ffd6d4c0000 - 0x00007ffd6d4e9000 	C:\WINDOWS\SYSTEM32\USERENV.dll
0x00007ffd6cd10000 - 0x00007ffd6cd1b000 	C:\WINDOWS\SYSTEM32\CRYPTBASE.dll
0x00007ffd6c890000 - 0x00007ffd6c8c9000 	C:\WINDOWS\SYSTEM32\IPHLPAPI.DLL
0x00007ffd70c60000 - 0x00007ffd70c68000 	C:\WINDOWS\System32\NSI.dll
0x00007ffd6a5a0000 - 0x00007ffd6a5b6000 	C:\WINDOWS\SYSTEM32\dhcpcsvc6.DLL
0x00007ffd6a580000 - 0x00007ffd6a59a000 	C:\WINDOWS\SYSTEM32\dhcpcsvc.DLL
0x00007ffd6d120000 - 0x00007ffd6d2e8000 	C:\WINDOWS\SYSTEM32\dbghelp.dll

VM Arguments:
jvm_args: -Xmx1536m -Dfile.encoding=windows-1251 -Duser.country=US -Duser.language=en -Duser.variant 
java_command: org.gradle.launcher.daemon.bootstrap.GradleDaemon 4.1
java_class_path (initial): C:\Users\dimitar.dihanov\.gradle\wrapper\dists\gradle-4.1-all\bzyivzo6n839fup2jbap0tjew\gradle-4.1\lib\gradle-launcher-4.1.jar
Launcher Type: SUN_STANDARD

Environment Variables:
JAVA_HOME=C:\Program Files\Java\jdk1.8.0_102
JRE_HOME=C:\Program Files\Java\jre1.8.0_102
PATH=C:\WINDOWS\system32;C:\WINDOWS;C:\WINDOWS\System32\Wbem;C:\WINDOWS\System32\WindowsPowerShell\v1.0\;C:\Users\Administrator\AppData\Local\Android\sdk\platform-tools;C:\Users\Administrator\AppData\Local\Android\sdk\tools;C:\Program Files\Java\jdk1.8.0_102\bin;C:\Program Files\Git\cmd;C:\Program Files (x86)\Microsoft SQL Server\Client SDK\ODBC\130\Tools\Binn\;C:\Program Files (x86)\Microsoft SQL Server\140\Tools\Binn\;C:\Program Files (x86)\Microsoft SQL Server\140\DTS\Binn\;C:\Program Files (x86)\Microsoft SQL Server\140\Tools\Binn\ManagementStudio\;C:\Program Files\TortoiseSVN\bin;C:\ProgramData\Oracle\Java\javapath;C:\Program Files\MySQL\MySQL Utilities 1.6\;C:\Users\dimitar.dihanov\AppData\Local\Microsoft\WindowsApps
USERNAME=dimitar.dihanov
OS=Windows_NT
PROCESSOR_IDENTIFIER=Intel64 Family 6 Model 42 Stepping 7, GenuineIntel



---------------  S Y S T E M  ---------------

OS: Windows 10.0 , 64 bit Build 16299 (10.0.16299.15)

CPU:total 4 (initial active 4) (2 cores per cpu, 2 threads per core) family 6 model 42 stepping 7, cmov, cx8, fxsr, mmx, sse, sse2, sse3, ssse3, sse4.1, sse4.2, popcnt, avx, clmul, ht, tsc, tscinvbit

Memory: 4k page, physical 8298816k(4269200k free), swap 13572436k(9099284k free)

vm_info: OpenJDK 64-Bit Server VM (25.152-b01) for windows-amd64 JRE (1.8.0_152-release-915-b01), built by "builder" with MS VC++ 10.0 (VS2010)

time: Fri Feb 16 08:51:13 2018
elapsed time: 47 seconds (0d 0h 0m 47s)

