#
# A fatal error has been detected by the Java Runtime Environment:
#
#  EXCEPTION_ACCESS_VIOLATION (0xc0000005) at pc=0x0000000051b5ee88, pid=732, tid=0x0000000000003934
#
# JRE version: OpenJDK Runtime Environment (8.0_152-b01) (build 1.8.0_152-release-915-b01)
# Java VM: OpenJDK 64-Bit Server VM (25.152-b01 mixed mode windows-amd64 compressed oops)
# Problematic frame:
# V  [jvm.dll+0xeee88]
#
# Failed to write core dump. Minidumps are not enabled by default on client versions of Windows
#
# If you would like to submit a bug report, please visit:
#   http://bugreport.java.com/bugreport/crash.jsp
#

---------------  T H R E A D  ---------------

Current thread (0x0000000004499800):  GCTaskThread [stack: 0x0000000013f50000,0x0000000014050000] [id=14644]

siginfo: ExceptionCode=0xc0000005, reading address 0xffffffffffffffff

Registers:
RAX=0x0000000014250000, RBX=0x0000000073d0ccf8, RCX=0x0000000000000000, RDX=0x000000000000001f
RSP=0x000000001404fa60, RBP=0x00000000f3d22ad0, RSI=0x0000000000000004, RDI=0x000000000456c900
R8 =0x007fffffffe9e866, R9 =0x0000000000000004, R10=0x000000000000000c, R11=0x0000000000004feb
R12=0x00000000f3d22ad4, R13=0x00000001009b1918, R14=0x00000001009b1920, R15=0x00000000f3d22ab8
RIP=0x0000000051b5ee88, EFLAGS=0x0000000000010202

Top of Stack: (sp=0x000000001404fa60)
0x000000001404fa60:   00000000f3d22b70 00000000f3d22acc
0x000000001404fa70:   0000000000000004 000000000456c900
0x000000001404fa80:   0000000000000000 0000000004499a70
0x000000001404fa90:   000000000448de50 0000000000000001
0x000000001404faa0:   0000000000004fea 0000000051e334c0
0x000000001404fab0:   00000000185e0f98 0000000000000000
0x000000001404fac0:   000000000456c900 0000000052083768
0x000000001404fad0:   00000000b75e4c90 0000000051e373b8
0x000000001404fae0:   0000000052233950 000000000000000a
0x000000001404faf0:   0000000000000000 0000000051b5eaa9
0x000000001404fb00:   00000000b75e4c7c 0000000051b5ef56
0x000000001404fb10:   00000000b75e4c90 000000000448de50
0x000000001404fb20:   0000000004499a80 0000000004499a70
0x000000001404fb30:   0000000052083768 0000000000000001
0x000000001404fb40:   000000002053aba0 0000000000000000
0x000000001404fb50:   000000000456c900 0000000051e30e6f 

Instructions: (pc=0x0000000051b5ee88)
0x0000000051b5ee68:   05 e3 4a 6d 00 49 c1 e8 03 49 d3 e8 41 0f b6 c0
0x0000000051b5ee78:   49 c1 e8 06 24 3f 0f b6 d0 48 8b 05 f8 4a 6d 00
0x0000000051b5ee88:   4a 8b 0c c0 48 0f a3 d1 0f 82 59 01 00 00 0f b6
0x0000000051b5ee98:   15 14 aa 6c 00 84 d2 74 16 44 8b 43 08 8b 0d ad 


Register to memory mapping:

RAX=0x0000000014250000 is an unknown value
RBX=0x0000000073d0ccf8 is an unknown value
RCX=0x0000000000000000 is an unknown value
RDX=0x000000000000001f is an unknown value
RSP=0x000000001404fa60 is an unknown value
RBP=0x00000000f3d22ad0 is an oop

[error occurred during error reporting (printing register info), id 0xc0000005]

Stack: [0x0000000013f50000,0x0000000014050000],  sp=0x000000001404fa60,  free space=1022k
Native frames: (J=compiled Java code, j=interpreted, Vv=VM code, C=native code)
V  [jvm.dll+0xeee88]
V  [jvm.dll+0x3c34c0]
V  [jvm.dll+0x3c0e6f]
V  [jvm.dll+0x3be2ce]
V  [jvm.dll+0x26d4aa]
C  [msvcr100.dll+0x21d9f]
C  [msvcr100.dll+0x21e3b]
C  [KERNEL32.DLL+0x11fe4]
C  [ntdll.dll+0x6efc1]


---------------  P R O C E S S  ---------------

Java Threads: ( => current thread )
  0x000000001b0f3000 JavaThread "Cache worker for Java compile cache (C:\Android Projects\musiQ\.gradle\4.1\javaCompile)" [_thread_blocked, id=6092, stack(0x000000002e3c0000,0x000000002e4c0000)]
  0x0000000023ef3000 JavaThread "Task worker for ':' Thread 3" [_thread_blocked, id=516, stack(0x000000002e2c0000,0x000000002e3c0000)]
  0x0000000023ef1800 JavaThread "Task worker for ':' Thread 2" [_thread_blocked, id=11052, stack(0x000000002e1c0000,0x000000002e2c0000)]
  0x0000000023ef1000 JavaThread "Task worker for ':'" [_thread_blocked, id=8476, stack(0x000000002e0c0000,0x000000002e1c0000)]
  0x0000000023ef4000 JavaThread "Cache worker for task history cache (C:\Android Projects\musiQ\.gradle\4.1\taskHistory)" [_thread_blocked, id=16160, stack(0x000000002dfc0000,0x000000002e0c0000)]
  0x0000000023ef2800 JavaThread "Cache worker for file content cache (C:\Android Projects\musiQ\.gradle\4.1\fileContent)" [_thread_blocked, id=6764, stack(0x000000002dec0000,0x000000002dfc0000)]
  0x0000000023ef6000 JavaThread "build operations Thread 4" [_thread_blocked, id=7484, stack(0x000000002ddc0000,0x000000002dec0000)]
  0x0000000023ef5800 JavaThread "build operations Thread 3" [_thread_blocked, id=9040, stack(0x000000002dcc0000,0x000000002ddc0000)]
  0x0000000023ee8800 JavaThread "build operations Thread 2" [_thread_blocked, id=15400, stack(0x000000002dbc0000,0x000000002dcc0000)]
  0x0000000023ee8000 JavaThread "build operations" [_thread_blocked, id=11172, stack(0x000000002dac0000,0x000000002dbc0000)]
  0x0000000023eee800 JavaThread "Cache worker for Artifact transforms cache (C:\Users\dimitar.dihanov\.gradle\caches\transforms-1)" [_thread_blocked, id=12468, stack(0x000000002d9c0000,0x000000002dac0000)]
  0x0000000023eeb000 JavaThread "Cache worker for file hash cache (C:\Android Projects\musiQ\.gradle\4.1\fileHashes)" [_thread_blocked, id=5864, stack(0x000000002d8c0000,0x000000002d9c0000)]
  0x000000001c299000 JavaThread "Stdin handler" [_thread_blocked, id=15532, stack(0x000000002d7c0000,0x000000002d8c0000)]
  0x000000001c298000 JavaThread "Asynchronous log dispatcher for DefaultDaemonConnection: socket connection from /127.0.0.1:51556 to /127.0.0.1:56268" [_thread_blocked, id=17676, stack(0x000000002d6c0000,0x000000002d7c0000)]
  0x000000001c29b000 JavaThread "Daemon worker Thread 65" [_thread_blocked, id=16664, stack(0x000000002d5c0000,0x000000002d6c0000)]
  0x000000001c29a800 JavaThread "Cancel handler" [_thread_blocked, id=2384, stack(0x000000002d4c0000,0x000000002d5c0000)]
  0x000000001c297800 JavaThread "Handler for socket connection from /127.0.0.1:51556 to /127.0.0.1:56268" [_thread_in_native, id=3356, stack(0x000000002d3c0000,0x000000002d4c0000)]
  0x000000001c29c000 JavaThread "Daemon Thread 65" [_thread_blocked, id=18256, stack(0x000000002d2c0000,0x000000002d3c0000)]
  0x000000001c292000 JavaThread "Memory manager" [_thread_blocked, id=10632, stack(0x0000000022b30000,0x0000000022c30000)]
  0x000000001b0ee800 JavaThread "File lock request listener" [_thread_in_native, id=12376, stack(0x000000001db10000,0x000000001dc10000)]
  0x000000001a9f2000 JavaThread "Cache worker for file hash cache (C:\Users\dimitar.dihanov\.gradle\caches\4.1\fileHashes)" [_thread_blocked, id=12492, stack(0x000000001da10000,0x000000001db10000)]
  0x000000001aaae800 JavaThread "Daemon periodic checks" [_thread_blocked, id=1788, stack(0x000000001d110000,0x000000001d210000)]
  0x000000001aaab800 JavaThread "Incoming local TCP Connector on port 51556" [_thread_in_native, id=248, stack(0x000000001cc10000,0x000000001cd10000)]
  0x0000000017f49800 JavaThread "Service Thread" daemon [_thread_blocked, id=2968, stack(0x0000000019d30000,0x0000000019e30000)]
  0x0000000019838800 JavaThread "C1 CompilerThread2" daemon [_thread_blocked, id=5596, stack(0x0000000019c30000,0x0000000019d30000)]
  0x0000000017ef2000 JavaThread "C2 CompilerThread1" daemon [_thread_blocked, id=11012, stack(0x0000000019730000,0x0000000019830000)]
  0x0000000017ef0800 JavaThread "C2 CompilerThread0" daemon [_thread_blocked, id=13876, stack(0x0000000019630000,0x0000000019730000)]
  0x0000000017eef000 JavaThread "Attach Listener" daemon [_thread_blocked, id=7964, stack(0x0000000019530000,0x0000000019630000)]
  0x0000000017eee000 JavaThread "Signal Dispatcher" daemon [_thread_blocked, id=12552, stack(0x0000000019430000,0x0000000019530000)]
  0x0000000017ed8800 JavaThread "Finalizer" daemon [_thread_blocked, id=18388, stack(0x0000000019140000,0x0000000019240000)]
  0x0000000004573000 JavaThread "Reference Handler" daemon [_thread_blocked, id=15784, stack(0x0000000019040000,0x0000000019140000)]
  0x000000000447e000 JavaThread "main" [_thread_blocked, id=15092, stack(0x0000000004350000,0x0000000004450000)]

Other Threads:
  0x0000000017eb4800 VMThread [stack: 0x0000000018f40000,0x0000000019040000] [id=17220]
  0x0000000017f4b800 WatcherThread [stack: 0x0000000019e30000,0x0000000019f30000] [id=17588]

=>0x0000000004499800 (exited) GCTaskThread [stack: 0x0000000013f50000,0x0000000014050000] [id=14644]

VM state:at safepoint (normal execution)

VM Mutex/Monitor currently owned by a thread:  ([mutex/lock_event])
[0x000000000447d810] Threads_lock - owner thread: 0x0000000017eb4800
[0x000000000447d110] Heap_lock - owner thread: 0x0000000019838800

Heap:
 PSYoungGen      total 407040K, used 61737K [0x00000000e0000000, 0x0000000100000000, 0x0000000100000000)
  eden space 306688K, 0% used [0x00000000e0000000,0x00000000e0000000,0x00000000f2b80000)
  from space 100352K, 61% used [0x00000000f2b80000,0x00000000f67ca450,0x00000000f8d80000)
  to   space 101888K, 0% used [0x00000000f9c80000,0x00000000f9c80000,0x0000000100000000)
 ParOldGen       total 462848K, used 413087K [0x00000000a0000000, 0x00000000bc400000, 0x00000000e0000000)
  object space 462848K, 89% used [0x00000000a0000000,0x00000000b9367d20,0x00000000bc400000)
 Metaspace       used 123280K, capacity 136810K, committed 137088K, reserved 1167360K
  class space    used 15338K, capacity 19199K, committed 19328K, reserved 1048576K

Card table byte_map: [0x0000000013940000,0x0000000013c50000] byte_map_base: 0x0000000013440000

Marking Bits: (ParMarkBitMap*) 0x0000000052233950
 Begin Bits: [0x0000000014250000, 0x0000000015a50000)
 End Bits:   [0x0000000015a50000, 0x0000000017250000)

Polling page: 0x0000000002700000

CodeCache: size=245760Kb used=101331Kb max_used=101344Kb free=144428Kb
 bounds [0x0000000004580000, 0x000000000a910000, 0x0000000013580000]
 total_blobs=26895 nmethods=26043 adapters=763
 compilation: enabled

Compilation events (10 events):
Event: 18441.712 Thread 0x0000000017ef2000 nmethod 46831 0x000000000a907b90 code [0x000000000a907e80, 0x000000000a9094c0]
Event: 18442.348 Thread 0x0000000017ef0800 46832       4       com.sun.tools.javac.tree.TreeScanner::visitThrow (9 bytes)
Event: 18442.349 Thread 0x0000000017ef0800 nmethod 46832 0x000000000a8f9d10 code [0x000000000a8f9e60, 0x000000000a8f9ef8]
Event: 18442.355 Thread 0x0000000017ef2000 46833       4       com.sun.tools.javac.comp.Check$Validator::visitSelectInternal (58 bytes)
Event: 18442.363 Thread 0x0000000017ef2000 nmethod 46833 0x000000000a90a650 code [0x000000000a90a880, 0x000000000a90af40]
Event: 18442.364 Thread 0x0000000019838800 46834       3       com.sun.tools.javac.comp.Lower::accessConstructorTag (102 bytes)
Event: 18442.365 Thread 0x0000000019838800 nmethod 46834 0x000000000a90bed0 code [0x000000000a90c240, 0x000000000a90e1f8]
Event: 18442.607 Thread 0x0000000017ef0800 46835   !   4       com.sun.tools.javac.main.JavaCompiler::genCode (107 bytes)
Event: 18442.614 Thread 0x0000000017ef0800 nmethod 46835 0x000000000a90f350 code [0x000000000a90f520, 0x000000000a90fa80]
Event: 18442.731 Thread 0x0000000019838800 46836       3       java.text.MessageFormat::applyPattern (422 bytes)

GC Heap History (10 events):
Event: 17646.450 GC heap after
Heap after GC invocations=160 (full 13):
 PSYoungGen      total 393216K, used 0K [0x00000000e0000000, 0x0000000100000000, 0x0000000100000000)
  eden space 277504K, 0% used [0x00000000e0000000,0x00000000e0000000,0x00000000f0f00000)
  from space 115712K, 0% used [0x00000000f0f00000,0x00000000f0f00000,0x00000000f8000000)
  to   space 115200K, 0% used [0x00000000f8f80000,0x00000000f8f80000,0x0000000100000000)
 ParOldGen       total 462848K, used 328350K [0x00000000a0000000, 0x00000000bc400000, 0x00000000e0000000)
  object space 462848K, 70% used [0x00000000a0000000,0x00000000b40a7830,0x00000000bc400000)
 Metaspace       used 110520K, capacity 123528K, committed 124800K, reserved 1155072K
  class space    used 13829K, capacity 17574K, committed 18304K, reserved 1048576K
}
Event: 18431.761 GC heap before
{Heap before GC invocations=161 (full 13):
 PSYoungGen      total 393216K, used 277487K [0x00000000e0000000, 0x0000000100000000, 0x0000000100000000)
  eden space 277504K, 99% used [0x00000000e0000000,0x00000000f0efbcd8,0x00000000f0f00000)
  from space 115712K, 0% used [0x00000000f0f00000,0x00000000f0f00000,0x00000000f8000000)
  to   space 115200K, 0% used [0x00000000f8f80000,0x00000000f8f80000,0x0000000100000000)
 ParOldGen       total 462848K, used 328350K [0x00000000a0000000, 0x00000000bc400000, 0x00000000e0000000)
  object space 462848K, 70% used [0x00000000a0000000,0x00000000b40a7830,0x00000000bc400000)
 Metaspace       used 110560K, capacity 123648K, committed 124800K, reserved 1155072K
  class space    used 13840K, capacity 17614K, committed 18304K, reserved 1048576K
Event: 18431.785 GC heap after
Heap after GC invocations=161 (full 13):
 PSYoungGen      total 400896K, used 23996K [0x00000000e0000000, 0x00000000ff880000, 0x0000000100000000)
  eden space 293376K, 0% used [0x00000000e0000000,0x00000000e0000000,0x00000000f1e80000)
  from space 107520K, 22% used [0x00000000f8f80000,0x00000000fa6ef0c0,0x00000000ff880000)
  to   space 111616K, 0% used [0x00000000f1e80000,0x00000000f1e80000,0x00000000f8b80000)
 ParOldGen       total 462848K, used 328350K [0x00000000a0000000, 0x00000000bc400000, 0x00000000e0000000)
  object space 462848K, 70% used [0x00000000a0000000,0x00000000b40a7830,0x00000000bc400000)
 Metaspace       used 110560K, capacity 123648K, committed 124800K, reserved 1155072K
  class space    used 13840K, capacity 17614K, committed 18304K, reserved 1048576K
}
Event: 18434.443 GC heap before
{Heap before GC invocations=162 (full 13):
 PSYoungGen      total 400896K, used 317372K [0x00000000e0000000, 0x00000000ff880000, 0x0000000100000000)
  eden space 293376K, 100% used [0x00000000e0000000,0x00000000f1e80000,0x00000000f1e80000)
  from space 107520K, 22% used [0x00000000f8f80000,0x00000000fa6ef0c0,0x00000000ff880000)
  to   space 111616K, 0% used [0x00000000f1e80000,0x00000000f1e80000,0x00000000f8b80000)
 ParOldGen       total 462848K, used 328350K [0x00000000a0000000, 0x00000000bc400000, 0x00000000e0000000)
  object space 462848K, 70% used [0x00000000a0000000,0x00000000b40a7830,0x00000000bc400000)
 Metaspace       used 119711K, capacity 133010K, committed 133504K, reserved 1163264K
  class space    used 14990K, capacity 18823K, committed 19072K, reserved 1048576K
Event: 18434.503 GC heap after
Heap after GC invocations=162 (full 13):
 PSYoungGen      total 404992K, used 35796K [0x00000000e0000000, 0x00000000ff900000, 0x0000000100000000)
  eden space 293376K, 0% used [0x00000000e0000000,0x00000000e0000000,0x00000000f1e80000)
  from space 111616K, 32% used [0x00000000f1e80000,0x00000000f41753a0,0x00000000f8b80000)
  to   space 105984K, 0% used [0x00000000f9180000,0x00000000f9180000,0x00000000ff900000)
 ParOldGen       total 462848K, used 349652K [0x00000000a0000000, 0x00000000bc400000, 0x00000000e0000000)
  object space 462848K, 75% used [0x00000000a0000000,0x00000000b55750d8,0x00000000bc400000)
 Metaspace       used 119711K, capacity 133010K, committed 133504K, reserved 1163264K
  class space    used 14990K, capacity 18823K, committed 19072K, reserved 1048576K
}
Event: 18437.218 GC heap before
{Heap before GC invocations=163 (full 13):
 PSYoungGen      total 404992K, used 329172K [0x00000000e0000000, 0x00000000ff900000, 0x0000000100000000)
  eden space 293376K, 100% used [0x00000000e0000000,0x00000000f1e80000,0x00000000f1e80000)
  from space 111616K, 32% used [0x00000000f1e80000,0x00000000f41753a0,0x00000000f8b80000)
  to   space 105984K, 0% used [0x00000000f9180000,0x00000000f9180000,0x00000000ff900000)
 ParOldGen       total 462848K, used 349652K [0x00000000a0000000, 0x00000000bc400000, 0x00000000e0000000)
  object space 462848K, 75% used [0x00000000a0000000,0x00000000b55750d8,0x00000000bc400000)
 Metaspace       used 123125K, capacity 136658K, committed 136832K, reserved 1167360K
  class space    used 15329K, capacity 19195K, committed 19328K, reserved 1048576K
Event: 18437.291 GC heap after
Heap after GC invocations=163 (full 13):
 PSYoungGen      total 402944K, used 43410K [0x00000000e0000000, 0x00000000fef80000, 0x0000000100000000)
  eden space 306688K, 0% used [0x00000000e0000000,0x00000000e0000000,0x00000000f2b80000)
  from space 96256K, 45% used [0x00000000f9180000,0x00000000fbbe4b00,0x00000000fef80000)
  to   space 100352K, 0% used [0x00000000f2b80000,0x00000000f2b80000,0x00000000f8d80000)
 ParOldGen       total 462848K, used 376996K [0x00000000a0000000, 0x00000000bc400000, 0x00000000e0000000)
  object space 462848K, 81% used [0x00000000a0000000,0x00000000b70293c0,0x00000000bc400000)
 Metaspace       used 123125K, capacity 136658K, committed 136832K, reserved 1167360K
  class space    used 15329K, capacity 19195K, committed 19328K, reserved 1048576K
}
Event: 18442.732 GC heap before
{Heap before GC invocations=164 (full 13):
 PSYoungGen      total 402944K, used 350098K [0x00000000e0000000, 0x00000000fef80000, 0x0000000100000000)
  eden space 306688K, 100% used [0x00000000e0000000,0x00000000f2b80000,0x00000000f2b80000)
  from space 96256K, 45% used [0x00000000f9180000,0x00000000fbbe4b00,0x00000000fef80000)
  to   space 100352K, 0% used [0x00000000f2b80000,0x00000000f2b80000,0x00000000f8d80000)
 ParOldGen       total 462848K, used 376996K [0x00000000a0000000, 0x00000000bc400000, 0x00000000e0000000)
  object space 462848K, 81% used [0x00000000a0000000,0x00000000b70293c0,0x00000000bc400000)
 Metaspace       used 123280K, capacity 136810K, committed 137088K, reserved 1167360K
  class space    used 15338K, capacity 19199K, committed 19328K, reserved 1048576K
Event: 18442.830 GC heap after
Heap after GC invocations=164 (full 13):
 PSYoungGen      total 407040K, used 61737K [0x00000000e0000000, 0x0000000100000000, 0x0000000100000000)
  eden space 306688K, 0% used [0x00000000e0000000,0x00000000e0000000,0x00000000f2b80000)
  from space 100352K, 61% used [0x00000000f2b80000,0x00000000f67ca450,0x00000000f8d80000)
  to   space 101888K, 0% used [0x00000000f9c80000,0x00000000f9c80000,0x0000000100000000)
 ParOldGen       total 462848K, used 413087K [0x00000000a0000000, 0x00000000bc400000, 0x00000000e0000000)
  object space 462848K, 89% used [0x00000000a0000000,0x00000000b9367d20,0x00000000bc400000)
 Metaspace       used 123280K, capacity 136810K, committed 137088K, reserved 1167360K
  class space    used 15338K, capacity 19199K, committed 19328K, reserved 1048576K
}
Event: 18442.830 GC heap before
{Heap before GC invocations=165 (full 14):
 PSYoungGen      total 407040K, used 61737K [0x00000000e0000000, 0x0000000100000000, 0x0000000100000000)
  eden space 306688K, 0% used [0x00000000e0000000,0x00000000e0000000,0x00000000f2b80000)
  from space 100352K, 61% used [0x00000000f2b80000,0x00000000f67ca450,0x00000000f8d80000)
  to   space 101888K, 0% used [0x00000000f9c80000,0x00000000f9c80000,0x0000000100000000)
 ParOldGen       total 462848K, used 413087K [0x00000000a0000000, 0x00000000bc400000, 0x00000000e0000000)
  object space 462848K, 89% used [0x00000000a0000000,0x00000000b9367d20,0x00000000bc400000)
 Metaspace       used 123280K, capacity 136810K, committed 137088K, reserved 1167360K
  class space    used 15338K, capacity 19199K, committed 19328K, reserved 1048576K

Deoptimization events (10 events):
Event: 18436.131 Thread 0x000000001c29b000 Uncommon trap: reason=bimorphic action=maybe_recompile pc=0x000000000666fac0 method=com.google.common.collect.RegularImmutableMap.checkNoConflictInKeyBucket(Ljava/lang/Object;Ljava/util/Map$Entry;Lcom/google/common/collect/ImmutableMapEntry;)V @ 28
Event: 18436.131 Thread 0x000000001c29b000 Uncommon trap: reason=bimorphic action=maybe_recompile pc=0x000000000666fac0 method=com.google.common.collect.RegularImmutableMap.checkNoConflictInKeyBucket(Ljava/lang/Object;Ljava/util/Map$Entry;Lcom/google/common/collect/ImmutableMapEntry;)V @ 28
Event: 18436.131 Thread 0x000000001c29b000 Uncommon trap: reason=bimorphic action=maybe_recompile pc=0x000000000666fac0 method=com.google.common.collect.RegularImmutableMap.checkNoConflictInKeyBucket(Ljava/lang/Object;Ljava/util/Map$Entry;Lcom/google/common/collect/ImmutableMapEntry;)V @ 28
Event: 18437.048 Thread 0x000000001c29b000 Uncommon trap: reason=bimorphic action=maybe_recompile pc=0x000000000a775714 method=com.sun.tools.javac.code.Type$PackageType.accept(Ljavax/lang/model/type/TypeVisitor;Ljava/lang/Object;)Ljava/lang/Object; @ 3
Event: 18437.048 Thread 0x000000001c29b000 Uncommon trap: reason=bimorphic action=maybe_recompile pc=0x000000000a775714 method=com.sun.tools.javac.code.Type$PackageType.accept(Ljavax/lang/model/type/TypeVisitor;Ljava/lang/Object;)Ljava/lang/Object; @ 3
Event: 18437.048 Thread 0x000000001c29b000 Uncommon trap: reason=bimorphic action=maybe_recompile pc=0x000000000a775714 method=com.sun.tools.javac.code.Type$PackageType.accept(Ljavax/lang/model/type/TypeVisitor;Ljava/lang/Object;)Ljava/lang/Object; @ 3
Event: 18437.048 Thread 0x000000001c29b000 Uncommon trap: reason=bimorphic action=maybe_recompile pc=0x000000000a775714 method=com.sun.tools.javac.code.Type$PackageType.accept(Ljavax/lang/model/type/TypeVisitor;Ljava/lang/Object;)Ljava/lang/Object; @ 3
Event: 18437.147 Thread 0x000000001c29b000 Uncommon trap: reason=unloaded action=reinterpret pc=0x000000000a52cc80 method=org.openjdk.tools.javac.parser.JavaTokenizer.readToken()Lorg/openjdk/tools/javac/parser/Tokens$Token; @ 2196
Event: 18437.350 Thread 0x000000001c29b000 Uncommon trap: reason=class_check action=maybe_recompile pc=0x000000000a519650 method=org.openjdk.tools.javac.parser.Scanner.nextToken()V @ 31
Event: 18437.350 Thread 0x000000001c29b000 Uncommon trap: reason=class_check action=maybe_recompile pc=0x000000000a519650 method=org.openjdk.tools.javac.parser.Scanner.nextToken()V @ 31

Classes redefined (0 events):
No events

Internal exceptions (10 events):
Event: 18429.555 Thread 0x000000001c29b000 Exception <a 'sun/nio/fs/WindowsException'> (0x00000000eaab0ba8) thrown at [D:\src\AOSP-openjdk-cygwin\jdk8u\hotspot\src\share\vm\prims\jni.cpp, line 709]
Event: 18429.555 Thread 0x000000001c29b000 Exception <a 'sun/nio/fs/WindowsException'> (0x00000000eaab8988) thrown at [D:\src\AOSP-openjdk-cygwin\jdk8u\hotspot\src\share\vm\prims\jni.cpp, line 709]
Event: 18429.555 Thread 0x000000001c29b000 Exception <a 'sun/nio/fs/WindowsException'> (0x00000000eaab9ee0) thrown at [D:\src\AOSP-openjdk-cygwin\jdk8u\hotspot\src\share\vm\prims\jni.cpp, line 709]
Event: 18429.555 Thread 0x000000001c29b000 Exception <a 'sun/nio/fs/WindowsException'> (0x00000000eaabc440) thrown at [D:\src\AOSP-openjdk-cygwin\jdk8u\hotspot\src\share\vm\prims\jni.cpp, line 709]
Event: 18429.555 Thread 0x000000001c29b000 Exception <a 'sun/nio/fs/WindowsException'> (0x00000000eaabd988) thrown at [D:\src\AOSP-openjdk-cygwin\jdk8u\hotspot\src\share\vm\prims\jni.cpp, line 709]
Event: 18429.555 Thread 0x000000001c29b000 Exception <a 'sun/nio/fs/WindowsException'> (0x00000000eaabf118) thrown at [D:\src\AOSP-openjdk-cygwin\jdk8u\hotspot\src\share\vm\prims\jni.cpp, line 709]
Event: 18429.555 Thread 0x000000001c29b000 Exception <a 'sun/nio/fs/WindowsException'> (0x00000000eaac0658) thrown at [D:\src\AOSP-openjdk-cygwin\jdk8u\hotspot\src\share\vm\prims\jni.cpp, line 709]
Event: 18431.805 Thread 0x000000001c29b000 Exception <a 'java/io/FileNotFoundException'> (0x00000000e0729ee8) thrown at [D:\src\AOSP-openjdk-cygwin\jdk8u\hotspot\src\share\vm\prims\jni.cpp, line 709]
Event: 18431.805 Thread 0x000000001c29b000 Exception <a 'java/io/FileNotFoundException'> (0x00000000e072c678) thrown at [D:\src\AOSP-openjdk-cygwin\jdk8u\hotspot\src\share\vm\prims\jni.cpp, line 709]
Event: 18431.805 Thread 0x000000001c29b000 Exception <a 'java/io/FileNotFoundException'> (0x00000000e072dce0) thrown at [D:\src\AOSP-openjdk-cygwin\jdk8u\hotspot\src\share\vm\prims\jni.cpp, line 709]

Events (10 events):
Event: 18437.902 loading class kotlin/text/CharsKt done
Event: 18437.902 loading class kotlin/text/CharsKt__CharKt
Event: 18437.902 loading class kotlin/text/CharsKt__CharKt done
Event: 18437.902 loading class kotlin/text/CharsKt__CharJVMKt
Event: 18437.902 loading class kotlin/text/CharsKt__CharJVMKt done
Event: 18437.903 loading class com/raizlabs/android/dbflow/processor/definition/DatabaseDefinition$writeGetters$$inlined$apply$lambda$7
Event: 18437.903 loading class com/raizlabs/android/dbflow/processor/definition/DatabaseDefinition$writeGetters$$inlined$apply$lambda$7 done
Event: 18439.168 Thread 0x000000001c29b000 DEOPT PACKING pc=0x0000000008ed1511 sp=0x000000002d6b90b0
Event: 18439.168 Thread 0x000000001c29b000 DEOPT UNPACKING pc=0x00000000045c75bf sp=0x000000002d6b8dc0 mode 0
Event: 18442.732 Executing VM operation: ParallelGCFailedAllocation


Dynamic libraries:
0x00007ff6fb940000 - 0x00007ff6fb971000 	C:\android-studio-beta\android-studio-ide-171.4316950-windows\android-studio\jre\bin\java.exe
0x00007fff1b310000 - 0x00007fff1b4f0000 	C:\WINDOWS\SYSTEM32\ntdll.dll
0x00007fff19260000 - 0x00007fff1930e000 	C:\WINDOWS\System32\KERNEL32.DLL
0x00007fff17b40000 - 0x00007fff17da6000 	C:\WINDOWS\System32\KERNELBASE.dll
0x00007fff15900000 - 0x00007fff15988000 	C:\WINDOWS\SYSTEM32\apphelp.dll
0x00007fff187e0000 - 0x00007fff18881000 	C:\WINDOWS\System32\ADVAPI32.dll
0x00007fff19330000 - 0x00007fff193cd000 	C:\WINDOWS\System32\msvcrt.dll
0x00007fff191f0000 - 0x00007fff1924b000 	C:\WINDOWS\System32\sechost.dll
0x00007fff19850000 - 0x00007fff1996f000 	C:\WINDOWS\System32\RPCRT4.dll
0x00007fff18ba0000 - 0x00007fff18d2f000 	C:\WINDOWS\System32\USER32.dll
0x00007fff187c0000 - 0x00007fff187e0000 	C:\WINDOWS\System32\win32u.dll
0x00007fff18910000 - 0x00007fff18938000 	C:\WINDOWS\System32\GDI32.dll
0x00007fff178f0000 - 0x00007fff17a83000 	C:\WINDOWS\System32\gdi32full.dll
0x00007fff18550000 - 0x00007fff185eb000 	C:\WINDOWS\System32\msvcp_win.dll
0x00007fff17790000 - 0x00007fff17886000 	C:\WINDOWS\System32\ucrtbase.dll
0x00007fff06360000 - 0x00007fff065c9000 	C:\WINDOWS\WinSxS\amd64_microsoft.windows.common-controls_6595b64144ccf1df_6.0.16299.248_none_15ced204935f55d7\COMCTL32.dll
0x00007fff193d0000 - 0x00007fff196d8000 	C:\WINDOWS\System32\combase.dll
0x00007fff17710000 - 0x00007fff17782000 	C:\WINDOWS\System32\bcryptPrimitives.dll
0x00007fff18ed0000 - 0x00007fff18efd000 	C:\WINDOWS\System32\IMM32.DLL
0x0000000051990000 - 0x0000000051a62000 	C:\android-studio-beta\android-studio-ide-171.4316950-windows\android-studio\jre\jre\bin\msvcr100.dll
0x0000000051a70000 - 0x00000000522ae000 	C:\android-studio-beta\android-studio-ide-171.4316950-windows\android-studio\jre\jre\bin\server\jvm.dll
0x00007fff199e0000 - 0x00007fff199e8000 	C:\WINDOWS\System32\PSAPI.DLL
0x00007fff0dc30000 - 0x00007fff0dc39000 	C:\WINDOWS\SYSTEM32\WSOCK32.dll
0x00007fff14fc0000 - 0x00007fff14fe3000 	C:\WINDOWS\SYSTEM32\WINMM.dll
0x00007fff0ec60000 - 0x00007fff0ec6a000 	C:\WINDOWS\SYSTEM32\VERSION.dll
0x00007fff19970000 - 0x00007fff199dc000 	C:\WINDOWS\System32\WS2_32.dll
0x00007fff14f60000 - 0x00007fff14f8a000 	C:\WINDOWS\SYSTEM32\WINMMBASE.dll
0x00007fff18500000 - 0x00007fff1854a000 	C:\WINDOWS\System32\cfgmgr32.dll
0x00007fff0d100000 - 0x00007fff0d10f000 	C:\android-studio-beta\android-studio-ide-171.4316950-windows\android-studio\jre\jre\bin\verify.dll
0x00007fff094b0000 - 0x00007fff094d9000 	C:\android-studio-beta\android-studio-ide-171.4316950-windows\android-studio\jre\jre\bin\java.dll
0x00007fff057c0000 - 0x00007fff057d6000 	C:\android-studio-beta\android-studio-ide-171.4316950-windows\android-studio\jre\jre\bin\zip.dll
0x00007fff199f0000 - 0x00007fff1ae26000 	C:\WINDOWS\System32\SHELL32.dll
0x00007fff18f60000 - 0x00007fff19006000 	C:\WINDOWS\System32\shcore.dll
0x00007fff17db0000 - 0x00007fff184f7000 	C:\WINDOWS\System32\windows.storage.dll
0x00007fff1ae30000 - 0x00007fff1ae81000 	C:\WINDOWS\System32\shlwapi.dll
0x00007fff17660000 - 0x00007fff17671000 	C:\WINDOWS\System32\kernel.appcore.dll
0x00007fff176c0000 - 0x00007fff1770c000 	C:\WINDOWS\System32\powrprof.dll
0x00007fff176a0000 - 0x00007fff176bb000 	C:\WINDOWS\System32\profapi.dll
0x00007fff0d6f0000 - 0x00007fff0d70a000 	C:\android-studio-beta\android-studio-ide-171.4316950-windows\android-studio\jre\jre\bin\net.dll
0x00007fff16e90000 - 0x00007fff16ef6000 	C:\WINDOWS\system32\mswsock.dll
0x00007fff0d6d0000 - 0x00007fff0d6e1000 	C:\android-studio-beta\android-studio-ide-171.4316950-windows\android-studio\jre\jre\bin\nio.dll
0x00007fff03d00000 - 0x00007fff03d1e000 	C:\Users\dimitar.dihanov\.gradle\native\25\windows-amd64\native-platform.dll
0x00007fff13520000 - 0x00007fff1352d000 	C:\android-studio-beta\android-studio-ide-171.4316950-windows\android-studio\jre\jre\bin\management.dll
0x00007fff17050000 - 0x00007fff17067000 	C:\WINDOWS\SYSTEM32\CRYPTSP.dll
0x00007fff16aa0000 - 0x00007fff16ad3000 	C:\WINDOWS\system32\rsaenh.dll
0x00007fff17160000 - 0x00007fff17185000 	C:\WINDOWS\SYSTEM32\bcrypt.dll
0x00007fff17590000 - 0x00007fff175b9000 	C:\WINDOWS\SYSTEM32\USERENV.dll
0x00007fff17070000 - 0x00007fff1707b000 	C:\WINDOWS\SYSTEM32\CRYPTBASE.dll
0x00007fff16c20000 - 0x00007fff16c59000 	C:\WINDOWS\SYSTEM32\IPHLPAPI.DLL
0x00007fff19250000 - 0x00007fff19258000 	C:\WINDOWS\System32\NSI.dll
0x00007fff15130000 - 0x00007fff15146000 	C:\WINDOWS\SYSTEM32\dhcpcsvc6.DLL
0x00007fff15110000 - 0x00007fff1512a000 	C:\WINDOWS\SYSTEM32\dhcpcsvc.DLL
0x00007ffefd200000 - 0x00007ffefd224000 	C:\android-studio-beta\android-studio-ide-171.4316950-windows\android-studio\jre\jre\bin\sunec.dll
0x00007fff16c60000 - 0x00007fff16d16000 	C:\WINDOWS\SYSTEM32\DNSAPI.dll
0x00007fff12d40000 - 0x00007fff12d4a000 	C:\Windows\System32\rasadhlp.dll
0x00007fff15010000 - 0x00007fff15080000 	C:\WINDOWS\System32\fwpuclnt.dll
0x00007fff0d1d0000 - 0x00007fff0d1db000 	C:\android-studio-beta\android-studio-ide-171.4316950-windows\android-studio\jre\jre\bin\sunmscapi.dll
0x00007fff185f0000 - 0x00007fff187be000 	C:\WINDOWS\System32\CRYPT32.dll
0x00007fff17680000 - 0x00007fff17692000 	C:\WINDOWS\System32\MSASN1.dll
0x00007fff0f8c0000 - 0x00007fff0fa88000 	C:\WINDOWS\SYSTEM32\dbghelp.dll

VM Arguments:
jvm_args: -Xmx1536m -Dfile.encoding=windows-1251 -Duser.country=US -Duser.language=en -Duser.variant 
java_command: org.gradle.launcher.daemon.bootstrap.GradleDaemon 4.1
java_class_path (initial): C:\Users\dimitar.dihanov\.gradle\wrapper\dists\gradle-4.1-all\bzyivzo6n839fup2jbap0tjew\gradle-4.1\lib\gradle-launcher-4.1.jar
Launcher Type: SUN_STANDARD

Environment Variables:
JAVA_HOME=C:\Program Files\Java\jdk1.8.0_102
JRE_HOME=C:\Program Files\Java\jre1.8.0_102
PATH=C:\WINDOWS\system32;C:\WINDOWS;C:\WINDOWS\System32\Wbem;C:\WINDOWS\System32\WindowsPowerShell\v1.0\;C:\Users\Administrator\AppData\Local\Android\sdk\platform-tools;C:\Users\Administrator\AppData\Local\Android\sdk\tools;C:\Program Files\Java\jdk1.8.0_102\bin;C:\Program Files\Git\cmd;C:\Program Files (x86)\Microsoft SQL Server\Client SDK\ODBC\130\Tools\Binn\;C:\Program Files (x86)\Microsoft SQL Server\140\Tools\Binn\;C:\Program Files (x86)\Microsoft SQL Server\140\DTS\Binn\;C:\Program Files (x86)\Microsoft SQL Server\140\Tools\Binn\ManagementStudio\;C:\Program Files\TortoiseSVN\bin;C:\ProgramData\Oracle\Java\javapath;C:\Program Files\MySQL\MySQL Utilities 1.6\;C:\Users\dimitar.dihanov\AppData\Local\Microsoft\WindowsApps
USERNAME=dimitar.dihanov
OS=Windows_NT
PROCESSOR_IDENTIFIER=Intel64 Family 6 Model 42 Stepping 7, GenuineIntel



---------------  S Y S T E M  ---------------

OS: Windows 10.0 , 64 bit Build 16299 (10.0.16299.15)

CPU:total 4 (initial active 4) (2 cores per cpu, 2 threads per core) family 6 model 42 stepping 7, cmov, cx8, fxsr, mmx, sse, sse2, sse3, ssse3, sse4.1, sse4.2, popcnt, avx, clmul, ht, tsc, tscinvbit

Memory: 4k page, physical 8298816k(1697552k free), swap 12393828k(3560516k free)

vm_info: OpenJDK 64-Bit Server VM (25.152-b01) for windows-amd64 JRE (1.8.0_152-release-915-b01), built by "builder" with MS VC++ 10.0 (VS2010)

time: Thu Mar 01 14:09:32 2018
elapsed time: 18443 seconds (0d 5h 7m 23s)

